app/build/intermediates/manifest_merge_blame_file/debug/manifest-merger-blame-debug-report.txt
1<?xml version="1.0" encoding="utf-8"?>
2<manifest xmlns:android="http://schemas.android.com/apk/res/android"
3    package="com.licenta.postureimprover"
4    android:versionCode="1"
5    android:versionName="1.0" >
6
7    <uses-sdk
8        android:minSdkVersion="24"
8-->src\main\AndroidManifest.xml
9        android:targetSdkVersion="33" />
9-->src\main\AndroidManifest.xml
10    <!-- PERMISSIONS -->
11
12    <uses-feature android:name="android.hardware.camera.any" />
12-->src\main\AndroidManifest.xml:6:5-64
12-->src\main\AndroidManifest.xml:6:19-61
13
14    <uses-permission android:name="android.permission.CAMERA" />
14-->src\main\AndroidManifest.xml:7:5-65
14-->src\main\AndroidManifest.xml:7:22-62
15    <uses-permission android:name="android.permission.INTERNET" />
15-->[com.google.firebase:firebase-auth:21.1.0] AndroidManifest.xml:23:5-67
15-->[com.google.firebase:firebase-auth:21.1.0] AndroidManifest.xml:23:22-64
16    <uses-permission android:name="android.permission.ACCESS_NETWORK_STATE" />
16-->[com.google.firebase:firebase-auth:21.1.0] AndroidManifest.xml:24:5-79
16-->[com.google.firebase:firebase-auth:21.1.0] AndroidManifest.xml:24:22-76
17
18    <queries>
18-->[androidx.camera:camera-extensions:1.2.0] AndroidManifest.xml:22:5-26:15
19        <intent>
19-->[androidx.camera:camera-extensions:1.2.0] AndroidManifest.xml:23:9-25:18
20            <action android:name="androidx.camera.extensions.action.VENDOR_ACTION" />
20-->[androidx.camera:camera-extensions:1.2.0] AndroidManifest.xml:24:13-86
20-->[androidx.camera:camera-extensions:1.2.0] AndroidManifest.xml:24:21-83
21        </intent>
22    </queries>
23
24    <uses-permission android:name="android.permission.WAKE_LOCK" />
24-->[androidx.work:work-runtime:2.7.0] AndroidManifest.xml:25:5-68
24-->[androidx.work:work-runtime:2.7.0] AndroidManifest.xml:25:22-65
25    <uses-permission android:name="android.permission.RECEIVE_BOOT_COMPLETED" />
25-->[androidx.work:work-runtime:2.7.0] AndroidManifest.xml:27:5-81
25-->[androidx.work:work-runtime:2.7.0] AndroidManifest.xml:27:22-78
26    <uses-permission android:name="android.permission.FOREGROUND_SERVICE" />
26-->[androidx.work:work-runtime:2.7.0] AndroidManifest.xml:28:5-77
26-->[androidx.work:work-runtime:2.7.0] AndroidManifest.xml:28:22-74
27
28    <permission
28-->[androidx.core:core:1.9.0] AndroidManifest.xml:22:5-24:47
29        android:name="com.licenta.postureimprover.DYNAMIC_RECEIVER_NOT_EXPORTED_PERMISSION"
29-->[androidx.core:core:1.9.0] AndroidManifest.xml:23:9-81
30        android:protectionLevel="signature" />
30-->[androidx.core:core:1.9.0] AndroidManifest.xml:24:9-44
31
32    <uses-permission android:name="com.licenta.postureimprover.DYNAMIC_RECEIVER_NOT_EXPORTED_PERMISSION" />
32-->[androidx.core:core:1.9.0] AndroidManifest.xml:26:5-97
32-->[androidx.core:core:1.9.0] AndroidManifest.xml:26:22-94
33
34    <application
34-->src\main\AndroidManifest.xml:9:5-35:19
35        android:name="com.licenta.postureimprover.PostureApplication"
35-->src\main\AndroidManifest.xml:10:9-43
36        android:allowBackup="true"
36-->src\main\AndroidManifest.xml:11:9-35
37        android:appComponentFactory="androidx.core.app.CoreComponentFactory"
37-->[androidx.core:core:1.9.0] AndroidManifest.xml:28:18-86
38        android:dataExtractionRules="@xml/data_extraction_rules"
38-->src\main\AndroidManifest.xml:12:9-65
39        android:debuggable="true"
40        android:extractNativeLibs="false"
41        android:fullBackupContent="@xml/backup_rules"
41-->src\main\AndroidManifest.xml:13:9-54
42        android:icon="@mipmap/ic_launcher"
42-->src\main\AndroidManifest.xml:14:9-43
43        android:label="@string/app_name"
43-->src\main\AndroidManifest.xml:15:9-41
44        android:roundIcon="@mipmap/ic_launcher_round"
44-->src\main\AndroidManifest.xml:16:9-54
45        android:supportsRtl="true"
45-->src\main\AndroidManifest.xml:17:9-35
46        android:testOnly="true"
47        android:theme="@style/Theme.PostureImprover" >
47-->src\main\AndroidManifest.xml:18:9-53
48        <activity
48-->src\main\AndroidManifest.xml:20:9-34:20
49            android:name="com.licenta.postureimprover.MainActivity"
49-->src\main\AndroidManifest.xml:21:13-41
50            android:exported="true"
50-->src\main\AndroidManifest.xml:22:13-36
51            android:label="@string/app_name"
51-->src\main\AndroidManifest.xml:23:13-45
52            android:theme="@style/Theme.PostureImprover" >
52-->src\main\AndroidManifest.xml:24:13-57
53            <intent-filter>
53-->src\main\AndroidManifest.xml:25:13-29:29
54                <action android:name="android.intent.action.MAIN" />
54-->src\main\AndroidManifest.xml:26:17-69
54-->src\main\AndroidManifest.xml:26:25-66
55
56                <category android:name="android.intent.category.LAUNCHER" />
56-->src\main\AndroidManifest.xml:28:17-77
56-->src\main\AndroidManifest.xml:28:27-74
57            </intent-filter>
58
59            <meta-data
59-->src\main\AndroidManifest.xml:31:13-33:36
60                android:name="android.app.lib_name"
60-->src\main\AndroidManifest.xml:32:17-52
61                android:value="" />
61-->src\main\AndroidManifest.xml:33:17-33
62        </activity>
63        <activity
63-->[androidx.compose.ui:ui-tooling:1.3.2] AndroidManifest.xml:23:9-25:39
64            android:name="androidx.compose.ui.tooling.PreviewActivity"
64-->[androidx.compose.ui:ui-tooling:1.3.2] AndroidManifest.xml:24:13-71
65            android:exported="true" />
65-->[androidx.compose.ui:ui-tooling:1.3.2] AndroidManifest.xml:25:13-36
66        <activity
66-->[androidx.compose.ui:ui-test-manifest:1.3.2] AndroidManifest.xml:23:9-25:39
67            android:name="androidx.activity.ComponentActivity"
67-->[androidx.compose.ui:ui-test-manifest:1.3.2] AndroidManifest.xml:24:13-63
68            android:exported="true" />
68-->[androidx.compose.ui:ui-test-manifest:1.3.2] AndroidManifest.xml:25:13-36
69
70        <service
70-->[com.google.firebase:firebase-auth-ktx:21.1.0] AndroidManifest.xml:8:9-14:19
71            android:name="com.google.firebase.components.ComponentDiscoveryService"
71-->[com.google.firebase:firebase-auth-ktx:21.1.0] AndroidManifest.xml:9:13-84
72            android:directBootAware="true"
72-->[com.google.firebase:firebase-common:20.2.0] AndroidManifest.xml:34:13-43
73            android:exported="false" >
73-->[com.google.firebase:firebase-auth-ktx:21.1.0] AndroidManifest.xml:10:13-37
74            <meta-data
74-->[com.google.firebase:firebase-auth-ktx:21.1.0] AndroidManifest.xml:11:13-13:85
75                android:name="com.google.firebase.components:com.google.firebase.auth.ktx.FirebaseAuthKtxRegistrar"
75-->[com.google.firebase:firebase-auth-ktx:21.1.0] AndroidManifest.xml:12:17-116
76                android:value="com.google.firebase.components.ComponentRegistrar" />
76-->[com.google.firebase:firebase-auth-ktx:21.1.0] AndroidManifest.xml:13:17-82
77            <meta-data
77-->[com.google.firebase:firebase-auth:21.1.0] AndroidManifest.xml:67:13-69:85
78                android:name="com.google.firebase.components:com.google.firebase.auth.FirebaseAuthRegistrar"
78-->[com.google.firebase:firebase-auth:21.1.0] AndroidManifest.xml:68:17-109
79                android:value="com.google.firebase.components.ComponentRegistrar" />
79-->[com.google.firebase:firebase-auth:21.1.0] AndroidManifest.xml:69:17-82
80            <meta-data
80-->[com.google.firebase:firebase-database-ktx:20.1.0] AndroidManifest.xml:14:13-16:85
81                android:name="com.google.firebase.components:com.google.firebase.database.ktx.FirebaseDatabaseKtxRegistrar"
81-->[com.google.firebase:firebase-database-ktx:20.1.0] AndroidManifest.xml:15:17-124
82                android:value="com.google.firebase.components.ComponentRegistrar" />
82-->[com.google.firebase:firebase-database-ktx:20.1.0] AndroidManifest.xml:16:17-82
83            <meta-data
83-->[com.google.firebase:firebase-database:20.1.0] AndroidManifest.xml:31:13-33:85
84                android:name="com.google.firebase.components:com.google.firebase.database.DatabaseRegistrar"
84-->[com.google.firebase:firebase-database:20.1.0] AndroidManifest.xml:32:17-109
85                android:value="com.google.firebase.components.ComponentRegistrar" />
85-->[com.google.firebase:firebase-database:20.1.0] AndroidManifest.xml:33:17-82
86            <meta-data
86-->[com.google.firebase:firebase-common-ktx:20.2.0] AndroidManifest.xml:14:13-16:85
87                android:name="com.google.firebase.components:com.google.firebase.ktx.FirebaseCommonKtxRegistrar"
87-->[com.google.firebase:firebase-common-ktx:20.2.0] AndroidManifest.xml:15:17-113
88                android:value="com.google.firebase.components.ComponentRegistrar" />
88-->[com.google.firebase:firebase-common-ktx:20.2.0] AndroidManifest.xml:16:17-82
89        </service>
90
91        <activity
91-->[com.google.firebase:firebase-auth:21.1.0] AndroidManifest.xml:27:9-44:20
92            android:name="com.google.firebase.auth.internal.GenericIdpActivity"
92-->[com.google.firebase:firebase-auth:21.1.0] AndroidManifest.xml:28:13-80
93            android:excludeFromRecents="true"
93-->[com.google.firebase:firebase-auth:21.1.0] AndroidManifest.xml:29:13-46
94            android:exported="true"
94-->[com.google.firebase:firebase-auth:21.1.0] AndroidManifest.xml:30:13-36
95            android:launchMode="singleTask"
95-->[com.google.firebase:firebase-auth:21.1.0] AndroidManifest.xml:31:13-44
96            android:theme="@android:style/Theme.Translucent.NoTitleBar" >
96-->[com.google.firebase:firebase-auth:21.1.0] AndroidManifest.xml:32:13-72
97            <intent-filter>
97-->[com.google.firebase:firebase-auth:21.1.0] AndroidManifest.xml:33:13-43:29
98                <action android:name="android.intent.action.VIEW" />
98-->[com.google.firebase:firebase-auth:21.1.0] AndroidManifest.xml:34:17-69
98-->[com.google.firebase:firebase-auth:21.1.0] AndroidManifest.xml:34:25-66
99
100                <category android:name="android.intent.category.DEFAULT" />
100-->[com.google.firebase:firebase-auth:21.1.0] AndroidManifest.xml:36:17-76
100-->[com.google.firebase:firebase-auth:21.1.0] AndroidManifest.xml:36:27-73
101                <category android:name="android.intent.category.BROWSABLE" />
101-->[com.google.firebase:firebase-auth:21.1.0] AndroidManifest.xml:37:17-78
101-->[com.google.firebase:firebase-auth:21.1.0] AndroidManifest.xml:37:27-75
102
103                <data
103-->[com.google.firebase:firebase-auth:21.1.0] AndroidManifest.xml:39:17-42:51
104                    android:host="firebase.auth"
104-->[com.google.firebase:firebase-auth:21.1.0] AndroidManifest.xml:40:21-49
105                    android:path="/"
105-->[com.google.firebase:firebase-auth:21.1.0] AndroidManifest.xml:41:21-37
106                    android:scheme="genericidp" />
106-->[com.google.firebase:firebase-auth:21.1.0] AndroidManifest.xml:42:21-48
107            </intent-filter>
108        </activity>
109        <activity
109-->[com.google.firebase:firebase-auth:21.1.0] AndroidManifest.xml:45:9-62:20
110            android:name="com.google.firebase.auth.internal.RecaptchaActivity"
110-->[com.google.firebase:firebase-auth:21.1.0] AndroidManifest.xml:46:13-79
111            android:excludeFromRecents="true"
111-->[com.google.firebase:firebase-auth:21.1.0] AndroidManifest.xml:47:13-46
112            android:exported="true"
112-->[com.google.firebase:firebase-auth:21.1.0] AndroidManifest.xml:48:13-36
113            android:launchMode="singleTask"
113-->[com.google.firebase:firebase-auth:21.1.0] AndroidManifest.xml:49:13-44
114            android:theme="@android:style/Theme.Translucent.NoTitleBar" >
114-->[com.google.firebase:firebase-auth:21.1.0] AndroidManifest.xml:50:13-72
115            <intent-filter>
115-->[com.google.firebase:firebase-auth:21.1.0] AndroidManifest.xml:51:13-61:29
116                <action android:name="android.intent.action.VIEW" />
116-->[com.google.firebase:firebase-auth:21.1.0] AndroidManifest.xml:34:17-69
116-->[com.google.firebase:firebase-auth:21.1.0] AndroidManifest.xml:34:25-66
117
118                <category android:name="android.intent.category.DEFAULT" />
118-->[com.google.firebase:firebase-auth:21.1.0] AndroidManifest.xml:36:17-76
118-->[com.google.firebase:firebase-auth:21.1.0] AndroidManifest.xml:36:27-73
119                <category android:name="android.intent.category.BROWSABLE" />
119-->[com.google.firebase:firebase-auth:21.1.0] AndroidManifest.xml:37:17-78
119-->[com.google.firebase:firebase-auth:21.1.0] AndroidManifest.xml:37:27-75
120
121                <data
121-->[com.google.firebase:firebase-auth:21.1.0] AndroidManifest.xml:39:17-42:51
122                    android:host="firebase.auth"
122-->[com.google.firebase:firebase-auth:21.1.0] AndroidManifest.xml:40:21-49
123                    android:path="/"
123-->[com.google.firebase:firebase-auth:21.1.0] AndroidManifest.xml:41:21-37
124                    android:scheme="recaptcha" />
124-->[com.google.firebase:firebase-auth:21.1.0] AndroidManifest.xml:42:21-48
125            </intent-filter>
126        </activity>
127        <!--
128             Required for ML Kit Pose Detection GPU acceleration. Applications that target Android
129             S+ require explicit declaration of any referenced vendor-provided libraries.
130        -->
131        <uses-native-library
131-->[com.google.mlkit:pose-detection-common:18.0.0-beta3] AndroidManifest.xml:16:9-18:40
132            android:name="libOpenCL.so"
132-->[com.google.mlkit:pose-detection-common:18.0.0-beta3] AndroidManifest.xml:17:13-40
133            android:required="false" />
133-->[com.google.mlkit:pose-detection-common:18.0.0-beta3] AndroidManifest.xml:18:13-37
134        <uses-native-library
134-->[com.google.mlkit:pose-detection-common:18.0.0-beta3] AndroidManifest.xml:16:9-18:40
135            android:name="libOpenCL-car.so"
135-->[com.google.mlkit:pose-detection-common:18.0.0-beta3] AndroidManifest.xml:17:13-40
136            android:required="false" />
136-->[com.google.mlkit:pose-detection-common:18.0.0-beta3] AndroidManifest.xml:18:13-37
137        <uses-native-library
137-->[com.google.mlkit:pose-detection-common:18.0.0-beta3] AndroidManifest.xml:16:9-18:40
138            android:name="libOpenCL-pixel.so"
138-->[com.google.mlkit:pose-detection-common:18.0.0-beta3] AndroidManifest.xml:17:13-40
139            android:required="false" />
139-->[com.google.mlkit:pose-detection-common:18.0.0-beta3] AndroidManifest.xml:18:13-37
140
141        <service
141-->[com.google.mlkit:pose-detection-common:18.0.0-beta3] AndroidManifest.xml:26:9-32:19
142            android:name="com.google.mlkit.common.internal.MlKitComponentDiscoveryService"
142-->[com.google.mlkit:pose-detection-common:18.0.0-beta3] AndroidManifest.xml:27:13-91
143            android:directBootAware="true"
143-->[com.google.mlkit:common:18.5.0] AndroidManifest.xml:17:13-43
144            android:exported="false" >
144-->[com.google.mlkit:pose-detection-common:18.0.0-beta3] AndroidManifest.xml:28:13-37
145            <meta-data
145-->[com.google.mlkit:pose-detection-common:18.0.0-beta3] AndroidManifest.xml:29:13-31:85
146                android:name="com.google.firebase.components:com.google.mlkit.vision.pose.internal.PoseRegistrar"
146-->[com.google.mlkit:pose-detection-common:18.0.0-beta3] AndroidManifest.xml:30:17-114
147                android:value="com.google.firebase.components.ComponentRegistrar" />
147-->[com.google.mlkit:pose-detection-common:18.0.0-beta3] AndroidManifest.xml:31:17-82
148            <meta-data
148-->[com.google.mlkit:vision-common:17.2.1] AndroidManifest.xml:12:13-14:85
149                android:name="com.google.firebase.components:com.google.mlkit.vision.common.internal.VisionCommonRegistrar"
149-->[com.google.mlkit:vision-common:17.2.1] AndroidManifest.xml:13:17-124
150                android:value="com.google.firebase.components.ComponentRegistrar" />
150-->[com.google.mlkit:vision-common:17.2.1] AndroidManifest.xml:14:17-82
151            <meta-data
151-->[com.google.mlkit:common:18.5.0] AndroidManifest.xml:20:13-22:85
152                android:name="com.google.firebase.components:com.google.mlkit.common.internal.CommonComponentRegistrar"
152-->[com.google.mlkit:common:18.5.0] AndroidManifest.xml:21:17-120
153                android:value="com.google.firebase.components.ComponentRegistrar" />
153-->[com.google.mlkit:common:18.5.0] AndroidManifest.xml:22:17-82
154        </service>
155        <service
155-->[com.google.mlkit:acceleration:16.0.0-beta1] AndroidManifest.xml:8:9-11:68
156            android:name="com.google.mlkit.acceleration.internal.MlKitRemoteWorkerService"
156-->[com.google.mlkit:acceleration:16.0.0-beta1] AndroidManifest.xml:9:13-91
157            android:exported="false"
157-->[com.google.mlkit:acceleration:16.0.0-beta1] AndroidManifest.xml:10:13-37
158            android:process=":mlkit_acceleration_mini_benchmark" />
158-->[com.google.mlkit:acceleration:16.0.0-beta1] AndroidManifest.xml:11:13-65
159
160        <provider
160-->[com.google.mlkit:common:18.5.0] AndroidManifest.xml:9:9-13:38
161            android:name="com.google.mlkit.common.internal.MlKitInitProvider"
161-->[com.google.mlkit:common:18.5.0] AndroidManifest.xml:10:13-78
162            android:authorities="com.licenta.postureimprover.mlkitinitprovider"
162-->[com.google.mlkit:common:18.5.0] AndroidManifest.xml:11:13-69
163            android:exported="false"
163-->[com.google.mlkit:common:18.5.0] AndroidManifest.xml:12:13-37
164            android:initOrder="99" />
164-->[com.google.mlkit:common:18.5.0] AndroidManifest.xml:13:13-35
165
166        <activity
166-->[com.google.android.gms:play-services-base:18.1.0] AndroidManifest.xml:20:9-22:45
167            android:name="com.google.android.gms.common.api.GoogleApiActivity"
167-->[com.google.android.gms:play-services-base:18.1.0] AndroidManifest.xml:20:19-85
168            android:exported="false"
168-->[com.google.android.gms:play-services-base:18.1.0] AndroidManifest.xml:22:19-43
169            android:theme="@android:style/Theme.Translucent.NoTitleBar" />
169-->[com.google.android.gms:play-services-base:18.1.0] AndroidManifest.xml:21:19-78
170
171        <provider
171-->[com.google.firebase:firebase-common:20.2.0] AndroidManifest.xml:25:9-30:39
172            android:name="com.google.firebase.provider.FirebaseInitProvider"
172-->[com.google.firebase:firebase-common:20.2.0] AndroidManifest.xml:26:13-77
173            android:authorities="com.licenta.postureimprover.firebaseinitprovider"
173-->[com.google.firebase:firebase-common:20.2.0] AndroidManifest.xml:27:13-72
174            android:directBootAware="true"
174-->[com.google.firebase:firebase-common:20.2.0] AndroidManifest.xml:28:13-43
175            android:exported="false"
175-->[com.google.firebase:firebase-common:20.2.0] AndroidManifest.xml:29:13-37
176            android:initOrder="100" />
176-->[com.google.firebase:firebase-common:20.2.0] AndroidManifest.xml:30:13-36
177
178        <meta-data
178-->[com.google.android.gms:play-services-basement:18.1.0] AndroidManifest.xml:21:9-23:69
179            android:name="com.google.android.gms.version"
179-->[com.google.android.gms:play-services-basement:18.1.0] AndroidManifest.xml:22:13-58
180            android:value="@integer/google_play_services_version" />
180-->[com.google.android.gms:play-services-basement:18.1.0] AndroidManifest.xml:23:13-66
181
182        <uses-library
182-->[androidx.window:window:1.0.0] AndroidManifest.xml:25:9-27:40
183            android:name="androidx.window.extensions"
183-->[androidx.window:window:1.0.0] AndroidManifest.xml:26:13-54
184            android:required="false" />
184-->[androidx.window:window:1.0.0] AndroidManifest.xml:27:13-37
185        <uses-library
185-->[androidx.window:window:1.0.0] AndroidManifest.xml:28:9-30:40
186            android:name="androidx.window.sidecar"
186-->[androidx.window:window:1.0.0] AndroidManifest.xml:29:13-51
187            android:required="false" />
187-->[androidx.window:window:1.0.0] AndroidManifest.xml:30:13-37
188
189        <service
189-->[androidx.work:work-multiprocess:2.7.0] AndroidManifest.xml:25:9-27:40
190            android:name="androidx.work.multiprocess.RemoteWorkManagerService"
190-->[androidx.work:work-multiprocess:2.7.0] AndroidManifest.xml:26:13-79
191            android:exported="false" />
191-->[androidx.work:work-multiprocess:2.7.0] AndroidManifest.xml:27:13-37
192
193        <uses-library
193-->[androidx.camera:camera-extensions:1.2.0] AndroidManifest.xml:29:9-31:40
194            android:name="androidx.camera.extensions.impl"
194-->[androidx.camera:camera-extensions:1.2.0] AndroidManifest.xml:30:13-59
195            android:required="false" />
195-->[androidx.camera:camera-extensions:1.2.0] AndroidManifest.xml:31:13-37
196
197        <service
197-->[androidx.camera:camera-camera2:1.2.0] AndroidManifest.xml:24:9-33:19
198            android:name="androidx.camera.core.impl.MetadataHolderService"
198-->[androidx.camera:camera-camera2:1.2.0] AndroidManifest.xml:25:13-75
199            android:enabled="false"
199-->[androidx.camera:camera-camera2:1.2.0] AndroidManifest.xml:26:13-36
200            android:exported="false" >
200-->[androidx.camera:camera-camera2:1.2.0] AndroidManifest.xml:27:13-37
201            <meta-data
201-->[androidx.camera:camera-camera2:1.2.0] AndroidManifest.xml:30:13-32:89
202                android:name="androidx.camera.core.impl.MetadataHolderService.DEFAULT_CONFIG_PROVIDER"
202-->[androidx.camera:camera-camera2:1.2.0] AndroidManifest.xml:31:17-103
203                android:value="androidx.camera.camera2.Camera2Config$DefaultProvider" />
203-->[androidx.camera:camera-camera2:1.2.0] AndroidManifest.xml:32:17-86
204        </service>
205
206        <provider
206-->[androidx.work:work-runtime:2.7.0] AndroidManifest.xml:31:9-39:20
207            android:name="androidx.startup.InitializationProvider"
207-->[androidx.work:work-runtime:2.7.0] AndroidManifest.xml:32:13-67
208            android:authorities="com.licenta.postureimprover.androidx-startup"
208-->[androidx.work:work-runtime:2.7.0] AndroidManifest.xml:33:13-68
209            android:exported="false" >
209-->[androidx.work:work-runtime:2.7.0] AndroidManifest.xml:34:13-37
210            <meta-data
210-->[androidx.work:work-runtime:2.7.0] AndroidManifest.xml:36:13-38:52
211                android:name="androidx.work.WorkManagerInitializer"
211-->[androidx.work:work-runtime:2.7.0] AndroidManifest.xml:37:17-68
212                android:value="androidx.startup" />
212-->[androidx.work:work-runtime:2.7.0] AndroidManifest.xml:38:17-49
213            <meta-data
213-->[androidx.emoji2:emoji2:1.2.0] AndroidManifest.xml:29:13-31:52
214                android:name="androidx.emoji2.text.EmojiCompatInitializer"
214-->[androidx.emoji2:emoji2:1.2.0] AndroidManifest.xml:30:17-75
215                android:value="androidx.startup" />
215-->[androidx.emoji2:emoji2:1.2.0] AndroidManifest.xml:31:17-49
216            <meta-data
216-->[androidx.lifecycle:lifecycle-process:2.4.1] AndroidManifest.xml:31:13-33:52
217                android:name="androidx.lifecycle.ProcessLifecycleInitializer"
217-->[androidx.lifecycle:lifecycle-process:2.4.1] AndroidManifest.xml:32:17-78
218                android:value="androidx.startup" />
218-->[androidx.lifecycle:lifecycle-process:2.4.1] AndroidManifest.xml:33:17-49
219            <meta-data
219-->[androidx.profileinstaller:profileinstaller:1.2.0] AndroidManifest.xml:30:13-32:52
220                android:name="androidx.profileinstaller.ProfileInstallerInitializer"
220-->[androidx.profileinstaller:profileinstaller:1.2.0] AndroidManifest.xml:31:17-85
221                android:value="androidx.startup" />
221-->[androidx.profileinstaller:profileinstaller:1.2.0] AndroidManifest.xml:32:17-49
222        </provider>
223
224        <service
224-->[androidx.work:work-runtime:2.7.0] AndroidManifest.xml:41:9-46:35
225            android:name="androidx.work.impl.background.systemalarm.SystemAlarmService"
225-->[androidx.work:work-runtime:2.7.0] AndroidManifest.xml:42:13-88
226            android:directBootAware="false"
226-->[androidx.work:work-runtime:2.7.0] AndroidManifest.xml:43:13-44
227            android:enabled="@bool/enable_system_alarm_service_default"
227-->[androidx.work:work-runtime:2.7.0] AndroidManifest.xml:44:13-72
228            android:exported="false" />
228-->[androidx.work:work-runtime:2.7.0] AndroidManifest.xml:45:13-37
229        <service
229-->[androidx.work:work-runtime:2.7.0] AndroidManifest.xml:47:9-53:35
230            android:name="androidx.work.impl.background.systemjob.SystemJobService"
230-->[androidx.work:work-runtime:2.7.0] AndroidManifest.xml:48:13-84
231            android:directBootAware="false"
231-->[androidx.work:work-runtime:2.7.0] AndroidManifest.xml:49:13-44
232            android:enabled="@bool/enable_system_job_service_default"
232-->[androidx.work:work-runtime:2.7.0] AndroidManifest.xml:50:13-70
233            android:exported="true"
233-->[androidx.work:work-runtime:2.7.0] AndroidManifest.xml:51:13-36
234            android:permission="android.permission.BIND_JOB_SERVICE" />
234-->[androidx.work:work-runtime:2.7.0] AndroidManifest.xml:52:13-69
235        <service
235-->[androidx.work:work-runtime:2.7.0] AndroidManifest.xml:54:9-59:35
236            android:name="androidx.work.impl.foreground.SystemForegroundService"
236-->[androidx.work:work-runtime:2.7.0] AndroidManifest.xml:55:13-81
237            android:directBootAware="false"
237-->[androidx.work:work-runtime:2.7.0] AndroidManifest.xml:56:13-44
238            android:enabled="@bool/enable_system_foreground_service_default"
238-->[androidx.work:work-runtime:2.7.0] AndroidManifest.xml:57:13-77
239            android:exported="false" />
239-->[androidx.work:work-runtime:2.7.0] AndroidManifest.xml:58:13-37
240
241        <receiver
241-->[androidx.work:work-runtime:2.7.0] AndroidManifest.xml:61:9-66:35
242            android:name="androidx.work.impl.utils.ForceStopRunnable$BroadcastReceiver"
242-->[androidx.work:work-runtime:2.7.0] AndroidManifest.xml:62:13-88
243            android:directBootAware="false"
243-->[androidx.work:work-runtime:2.7.0] AndroidManifest.xml:63:13-44
244            android:enabled="true"
244-->[androidx.work:work-runtime:2.7.0] AndroidManifest.xml:64:13-35
245            android:exported="false" />
245-->[androidx.work:work-runtime:2.7.0] AndroidManifest.xml:65:13-37
246        <receiver
246-->[androidx.work:work-runtime:2.7.0] AndroidManifest.xml:67:9-77:20
247            android:name="androidx.work.impl.background.systemalarm.ConstraintProxy$BatteryChargingProxy"
247-->[androidx.work:work-runtime:2.7.0] AndroidManifest.xml:68:13-106
248            android:directBootAware="false"
248-->[androidx.work:work-runtime:2.7.0] AndroidManifest.xml:69:13-44
249            android:enabled="false"
249-->[androidx.work:work-runtime:2.7.0] AndroidManifest.xml:70:13-36
250            android:exported="false" >
250-->[androidx.work:work-runtime:2.7.0] AndroidManifest.xml:71:13-37
251            <intent-filter>
251-->[androidx.work:work-runtime:2.7.0] AndroidManifest.xml:73:13-76:29
252                <action android:name="android.intent.action.ACTION_POWER_CONNECTED" />
252-->[androidx.work:work-runtime:2.7.0] AndroidManifest.xml:74:17-87
252-->[androidx.work:work-runtime:2.7.0] AndroidManifest.xml:74:25-84
253                <action android:name="android.intent.action.ACTION_POWER_DISCONNECTED" />
253-->[androidx.work:work-runtime:2.7.0] AndroidManifest.xml:75:17-90
253-->[androidx.work:work-runtime:2.7.0] AndroidManifest.xml:75:25-87
254            </intent-filter>
255        </receiver>
256        <receiver
256-->[androidx.work:work-runtime:2.7.0] AndroidManifest.xml:78:9-88:20
257            android:name="androidx.work.impl.background.systemalarm.ConstraintProxy$BatteryNotLowProxy"
257-->[androidx.work:work-runtime:2.7.0] AndroidManifest.xml:79:13-104
258            android:directBootAware="false"
258-->[androidx.work:work-runtime:2.7.0] AndroidManifest.xml:80:13-44
259            android:enabled="false"
259-->[androidx.work:work-runtime:2.7.0] AndroidManifest.xml:81:13-36
260            android:exported="false" >
260-->[androidx.work:work-runtime:2.7.0] AndroidManifest.xml:82:13-37
261            <intent-filter>
261-->[androidx.work:work-runtime:2.7.0] AndroidManifest.xml:84:13-87:29
262                <action android:name="android.intent.action.BATTERY_OKAY" />
262-->[androidx.work:work-runtime:2.7.0] AndroidManifest.xml:85:17-77
262-->[androidx.work:work-runtime:2.7.0] AndroidManifest.xml:85:25-74
263                <action android:name="android.intent.action.BATTERY_LOW" />
263-->[androidx.work:work-runtime:2.7.0] AndroidManifest.xml:86:17-76
263-->[androidx.work:work-runtime:2.7.0] AndroidManifest.xml:86:25-73
264            </intent-filter>
265        </receiver>
266        <receiver
266-->[androidx.work:work-runtime:2.7.0] AndroidManifest.xml:89:9-99:20
267            android:name="androidx.work.impl.background.systemalarm.ConstraintProxy$StorageNotLowProxy"
267-->[androidx.work:work-runtime:2.7.0] AndroidManifest.xml:90:13-104
268            android:directBootAware="false"
268-->[androidx.work:work-runtime:2.7.0] AndroidManifest.xml:91:13-44
269            android:enabled="false"
269-->[androidx.work:work-runtime:2.7.0] AndroidManifest.xml:92:13-36
270            android:exported="false" >
270-->[androidx.work:work-runtime:2.7.0] AndroidManifest.xml:93:13-37
271            <intent-filter>
271-->[androidx.work:work-runtime:2.7.0] AndroidManifest.xml:95:13-98:29
272                <action android:name="android.intent.action.DEVICE_STORAGE_LOW" />
272-->[androidx.work:work-runtime:2.7.0] AndroidManifest.xml:96:17-83
272-->[androidx.work:work-runtime:2.7.0] AndroidManifest.xml:96:25-80
273                <action android:name="android.intent.action.DEVICE_STORAGE_OK" />